INFO: [VRFC 10-2263] Analyzing SystemVerilog file "C:/Users/Acer/tunga_mcu/tunga_mcu/rtl/core/cv32e40p/rtl/vendor/pulp_platform_common_cells/src/cf_math_pkg.sv" into library xil_defaultlib
INFO: [VRFC 10-2263] Analyzing SystemVerilog file "C:/Users/Acer/tunga_mcu/tunga_mcu/rtl/core/cv32e40p/rtl/vendor/pulp_platform_common_cells/src/addr_decode.sv" into library xil_defaultlib
INFO: [VRFC 10-311] analyzing module addr_decode
INFO: [VRFC 10-2263] Analyzing SystemVerilog file "C:/Users/Acer/tunga_mcu/tunga_mcu/rtl/core/cv32e40p/example_tb/core/amo_shim.sv" into library xil_defaultlib
INFO: [VRFC 10-311] analyzing module amo_shim
INFO: [VRFC 10-2263] Analyzing SystemVerilog file "C:/Users/Acer/tunga_mcu/tunga_mcu/rtl/core/cv32e40p/rtl/vendor/pulp_platform_common_cells/src/binary_to_gray.sv" into library xil_defaultlib
INFO: [VRFC 10-311] analyzing module binary_to_gray
INFO: [VRFC 10-2263] Analyzing SystemVerilog file "C:/Users/Acer/tunga_mcu/tunga_mcu/rtl/core/cv32e40p/rtl/vendor/pulp_platform_common_cells/src/cdc_2phase.sv" into library xil_defaultlib
INFO: [VRFC 10-311] analyzing module cdc_2phase
INFO: [VRFC 10-311] analyzing module cdc_2phase_src
INFO: [VRFC 10-311] analyzing module cdc_2phase_dst
INFO: [VRFC 10-2263] Analyzing SystemVerilog file "C:/Users/Acer/tunga_mcu/tunga_mcu/rtl/core/cv32e40p/rtl/vendor/pulp_platform_common_cells/src/cdc_fifo_2phase.sv" into library xil_defaultlib
INFO: [VRFC 10-311] analyzing module cdc_fifo_2phase
INFO: [VRFC 10-2263] Analyzing SystemVerilog file "C:/Users/Acer/tunga_mcu/tunga_mcu/rtl/core/cv32e40p/rtl/vendor/pulp_platform_common_cells/src/cdc_fifo_gray.sv" into library xil_defaultlib
INFO: [VRFC 10-311] analyzing module cdc_fifo_gray
INFO: [VRFC 10-311] analyzing module cdc_fifo_gray_src
INFO: [VRFC 10-311] analyzing module cdc_fifo_gray_dst
INFO: [VRFC 10-2263] Analyzing SystemVerilog file "C:/Users/Acer/tunga_mcu/tunga_mcu/rtl/core/cv32e40p/rtl/vendor/pulp_platform_common_cells/src/clk_div.sv" into library xil_defaultlib
INFO: [VRFC 10-311] analyzing module clk_div
INFO: [VRFC 10-2263] Analyzing SystemVerilog file "C:/Users/Acer/tunga_mcu/tunga_mcu/rtl/core/cv32e40p/rtl/vendor/pulp_platform_common_cells/src/deprecated/clock_divider.sv" into library xil_defaultlib
INFO: [VRFC 10-311] analyzing module clock_divider
INFO: [VRFC 10-2263] Analyzing SystemVerilog file "C:/Users/Acer/tunga_mcu/tunga_mcu/rtl/core/cv32e40p/rtl/vendor/pulp_platform_common_cells/src/deprecated/clock_divider_counter.sv" into library xil_defaultlib
INFO: [VRFC 10-311] analyzing module clock_divider_counter
INFO: [VRFC 10-2263] Analyzing SystemVerilog file "C:/Users/Acer/tunga_mcu/tunga_mcu/rtl/core/cv32e40p/scripts/lint/config_0p_0f_0z_0lat_0c/cv32e40p_config_pkg.sv" into library xil_defaultlib
INFO: [VRFC 10-2263] Analyzing SystemVerilog file "C:/Users/Acer/tunga_mcu/tunga_mcu/rtl/core/cv32e40p/bhv/cv32e40p_core_log.sv" into library xil_defaultlib
INFO: [VRFC 10-311] analyzing module cv32e40p_core_log
INFO: [VRFC 10-2263] Analyzing SystemVerilog file "C:/Users/Acer/tunga_mcu/tunga_mcu/rtl/core/cv32e40p/example_tb/core/include/perturbation_pkg.sv" into library xil_defaultlib
INFO: [VRFC 10-2263] Analyzing SystemVerilog file "C:/Users/Acer/tunga_mcu/tunga_mcu/rtl/core/cv32e40p/example_tb/core/cv32e40p_random_interrupt_generator.sv" into library xil_defaultlib
INFO: [VRFC 10-311] analyzing module cv32e40p_random_interrupt_generator
INFO: [VRFC 10-2263] Analyzing SystemVerilog file "C:/Users/Acer/tunga_mcu/tunga_mcu/rtl/core/cv32e40p/example_tb/core/cv32e40p_tb_subsystem.sv" into library xil_defaultlib
INFO: [VRFC 10-311] analyzing module cv32e40p_tb_subsystem
INFO: [VRFC 10-2263] Analyzing SystemVerilog file "C:/Users/Acer/tunga_mcu/tunga_mcu/rtl/core/cv32e40p/rtl/cv32e40p_top.sv" into library xil_defaultlib
INFO: [VRFC 10-311] analyzing module cv32e40p_top
INFO: [VRFC 10-2263] Analyzing SystemVerilog file "C:/Users/Acer/tunga_mcu/tunga_mcu/rtl/core/cv32e40p/scripts/slec/tb_src/data_assert2.sv" into library xil_defaultlib
INFO: [VRFC 10-311] analyzing module data_assert
INFO: [VRFC 10-2263] Analyzing SystemVerilog file "C:/Users/Acer/tunga_mcu/tunga_mcu/rtl/core/cv32e40p/scripts/formal/src/debug_assert.sv" into library xil_defaultlib
INFO: [VRFC 10-311] analyzing module debug_assert
INFO: [VRFC 10-2263] Analyzing SystemVerilog file "C:/Users/Acer/tunga_mcu/tunga_mcu/rtl/core/cv32e40p/example_tb/core/dp_ram.sv" into library xil_defaultlib
INFO: [VRFC 10-311] analyzing module dp_ram
INFO: [VRFC 10-2263] Analyzing SystemVerilog file "C:/Users/Acer/tunga_mcu/tunga_mcu/rtl/core/cv32e40p/rtl/vendor/pulp_platform_common_cells/src/ecc_pkg.sv" into library xil_defaultlib
INFO: [VRFC 10-2263] Analyzing SystemVerilog file "C:/Users/Acer/tunga_mcu/tunga_mcu/rtl/core/cv32e40p/rtl/vendor/pulp_platform_common_cells/src/ecc_decode.sv" into library xil_defaultlib
INFO: [VRFC 10-311] analyzing module ecc_decode
INFO: [VRFC 10-2263] Analyzing SystemVerilog file "C:/Users/Acer/tunga_mcu/tunga_mcu/rtl/core/cv32e40p/rtl/vendor/pulp_platform_common_cells/src/ecc_encode.sv" into library xil_defaultlib
INFO: [VRFC 10-311] analyzing module ecc_encode
INFO: [VRFC 10-2263] Analyzing SystemVerilog file "C:/Users/Acer/tunga_mcu/tunga_mcu/rtl/core/cv32e40p/rtl/vendor/pulp_platform_common_cells/src/edge_detect.sv" into library xil_defaultlib
INFO: [VRFC 10-311] analyzing module edge_detect
INFO: [VRFC 10-2263] Analyzing SystemVerilog file "C:/Users/Acer/tunga_mcu/tunga_mcu/rtl/core/cv32e40p/rtl/vendor/pulp_platform_common_cells/src/edge_propagator.sv" into library xil_defaultlib
INFO: [VRFC 10-311] analyzing module edge_propagator
INFO: [VRFC 10-2263] Analyzing SystemVerilog file "C:/Users/Acer/tunga_mcu/tunga_mcu/rtl/core/cv32e40p/rtl/vendor/pulp_platform_common_cells/src/edge_propagator_rx.sv" into library xil_defaultlib
INFO: [VRFC 10-311] analyzing module edge_propagator_rx
INFO: [VRFC 10-2263] Analyzing SystemVerilog file "C:/Users/Acer/tunga_mcu/tunga_mcu/rtl/core/cv32e40p/rtl/vendor/pulp_platform_common_cells/src/edge_propagator_tx.sv" into library xil_defaultlib
INFO: [VRFC 10-311] analyzing module edge_propagator_tx
INFO: [VRFC 10-2263] Analyzing SystemVerilog file "C:/Users/Acer/tunga_mcu/tunga_mcu/rtl/core/cv32e40p/rtl/vendor/pulp_platform_common_cells/src/exp_backoff.sv" into library xil_defaultlib
INFO: [VRFC 10-311] analyzing module exp_backoff
INFO: [VRFC 10-2263] Analyzing SystemVerilog file "C:/Users/Acer/tunga_mcu/tunga_mcu/rtl/core/cv32e40p/rtl/vendor/pulp_platform_common_cells/src/fall_through_register.sv" into library xil_defaultlib
INFO: [VRFC 10-311] analyzing module fall_through_register
INFO: [VRFC 10-2263] Analyzing SystemVerilog file "C:/Users/Acer/tunga_mcu/tunga_mcu/rtl/core/cv32e40p/rtl/vendor/pulp_platform_common_cells/src/deprecated/fifo_v1.sv" into library xil_defaultlib
INFO: [VRFC 10-311] analyzing module fifo
INFO: [VRFC 10-2263] Analyzing SystemVerilog file "C:/Users/Acer/tunga_mcu/tunga_mcu/rtl/core/cv32e40p/rtl/vendor/pulp_platform_common_cells/src/deprecated/fifo_v2.sv" into library xil_defaultlib
INFO: [VRFC 10-311] analyzing module fifo_v2
INFO: [VRFC 10-2263] Analyzing SystemVerilog file "C:/Users/Acer/tunga_mcu/tunga_mcu/rtl/core/cv32e40p/rtl/vendor/pulp_platform_common_cells/src/fifo_v3.sv" into library xil_defaultlib
INFO: [VRFC 10-311] analyzing module fifo_v3
INFO: [VRFC 10-2263] Analyzing SystemVerilog file "C:/Users/Acer/tunga_mcu/tunga_mcu/rtl/core/cv32e40p/rtl/vendor/pulp_platform_common_cells/src/deprecated/find_first_one.sv" into library xil_defaultlib
INFO: [VRFC 10-311] analyzing module find_first_one
INFO: [VRFC 10-2263] Analyzing SystemVerilog file "C:/Users/Acer/tunga_mcu/tunga_mcu/rtl/core/cv32e40p/rtl/vendor/pulp_platform_fpnew/src/fpnew_classifier.sv" into library xil_defaultlib
INFO: [VRFC 10-311] analyzing module fpnew_classifier
INFO: [VRFC 10-2263] Analyzing SystemVerilog file "C:/Users/Acer/tunga_mcu/tunga_mcu/rtl/core/cv32e40p/scripts/formal/src/fpnew_divsqrt_th_32_assert.sv" into library xil_defaultlib
INFO: [VRFC 10-311] analyzing module fpnew_divsqrt_th_32_assert
INFO: [VRFC 10-2263] Analyzing SystemVerilog file "C:/Users/Acer/tunga_mcu/tunga_mcu/rtl/core/cv32e40p/rtl/vendor/pulp_platform_fpnew/src/fpnew_opgroup_block.sv" into library xil_defaultlib
INFO: [VRFC 10-311] analyzing module fpnew_opgroup_block
INFO: [VRFC 10-2263] Analyzing SystemVerilog file "C:/Users/Acer/tunga_mcu/tunga_mcu/rtl/core/cv32e40p/rtl/vendor/pulp_platform_fpnew/src/fpnew_opgroup_fmt_slice.sv" into library xil_defaultlib
INFO: [VRFC 10-311] analyzing module fpnew_opgroup_fmt_slice
INFO: [VRFC 10-2263] Analyzing SystemVerilog file "C:/Users/Acer/tunga_mcu/tunga_mcu/rtl/core/cv32e40p/rtl/vendor/pulp_platform_fpnew/src/fpnew_rounding.sv" into library xil_defaultlib
INFO: [VRFC 10-311] analyzing module fpnew_rounding
INFO: [VRFC 10-2263] Analyzing SystemVerilog file "C:/Users/Acer/tunga_mcu/tunga_mcu/rtl/core/cv32e40p/rtl/vendor/pulp_platform_fpnew/src/fpnew_top.sv" into library xil_defaultlib
INFO: [VRFC 10-311] analyzing module fpnew_top
INFO: [VRFC 10-2263] Analyzing SystemVerilog file "C:/Users/Acer/tunga_mcu/tunga_mcu/rtl/core/cv32e40p/rtl/vendor/pulp_platform_common_cells/src/deprecated/generic_LFSR_8bit.sv" into library xil_defaultlib
INFO: [VRFC 10-311] analyzing module generic_LFSR_8bit
INFO: [VRFC 10-2263] Analyzing SystemVerilog file "C:/Users/Acer/tunga_mcu/tunga_mcu/rtl/core/cv32e40p/rtl/vendor/pulp_platform_common_cells/src/deprecated/generic_fifo.sv" into library xil_defaultlib
INFO: [VRFC 10-311] analyzing module generic_fifo
INFO: [VRFC 10-2263] Analyzing SystemVerilog file "C:/Users/Acer/tunga_mcu/tunga_mcu/rtl/core/cv32e40p/rtl/vendor/pulp_platform_common_cells/src/deprecated/generic_fifo_adv.sv" into library xil_defaultlib
INFO: [VRFC 10-311] analyzing module generic_fifo_adv
INFO: [VRFC 10-2263] Analyzing SystemVerilog file "C:/Users/Acer/tunga_mcu/tunga_mcu/rtl/core/cv32e40p/rtl/vendor/pulp_platform_common_cells/src/gray_to_binary.sv" into library xil_defaultlib
INFO: [VRFC 10-311] analyzing module gray_to_binary
INFO: [VRFC 10-2263] Analyzing SystemVerilog file "C:/Users/Acer/tunga_mcu/tunga_mcu/rtl/core/cv32e40p/rtl/vendor/pulp_platform_common_cells/src/id_queue.sv" into library xil_defaultlib
INFO: [VRFC 10-311] analyzing module id_queue
INFO: [VRFC 10-2263] Analyzing SystemVerilog file "C:/Users/Acer/tunga_mcu/tunga_mcu/rtl/core/cv32e40p/scripts/slec/tb_src/insn_assert2.sv" into library xil_defaultlib
INFO: [VRFC 10-311] analyzing module insn_assert
INFO: [VRFC 10-2263] Analyzing SystemVerilog file "C:/Users/Acer/tunga_mcu/tunga_mcu/rtl/core/cv32e40p/scripts/formal/src/interrupt_assert.sv" into library xil_defaultlib
INFO: [VRFC 10-311] analyzing module interrput_assert
INFO: [VRFC 10-2263] Analyzing SystemVerilog file "C:/Users/Acer/tunga_mcu/tunga_mcu/rtl/core/cv32e40p/rtl/vendor/pulp_platform_common_cells/src/isochronous_spill_register.sv" into library xil_defaultlib
INFO: [VRFC 10-311] analyzing module isochronous_spill_register
INFO: [VRFC 10-2263] Analyzing SystemVerilog file "C:/Users/Acer/tunga_mcu/tunga_mcu/rtl/core/cv32e40p/rtl/vendor/pulp_platform_common_cells/src/lfsr.sv" into library xil_defaultlib
INFO: [VRFC 10-311] analyzing module lfsr
INFO: [VRFC 10-2263] Analyzing SystemVerilog file "C:/Users/Acer/tunga_mcu/tunga_mcu/rtl/core/cv32e40p/rtl/vendor/pulp_platform_common_cells/src/lfsr_16bit.sv" into library xil_defaultlib
INFO: [VRFC 10-311] analyzing module lfsr_16bit
INFO: [VRFC 10-2263] Analyzing SystemVerilog file "C:/Users/Acer/tunga_mcu/tunga_mcu/rtl/core/cv32e40p/rtl/vendor/pulp_platform_common_cells/src/lfsr_8bit.sv" into library xil_defaultlib
INFO: [VRFC 10-311] analyzing module lfsr_8bit
INFO: [VRFC 10-2263] Analyzing SystemVerilog file "C:/Users/Acer/tunga_mcu/tunga_mcu/rtl/core/cv32e40p/rtl/vendor/pulp_platform_common_cells/src/lzc.sv" into library xil_defaultlib
INFO: [VRFC 10-311] analyzing module lzc
INFO: [VRFC 10-2263] Analyzing SystemVerilog file "C:/Users/Acer/tunga_mcu/tunga_mcu/rtl/core/cv32e40p/rtl/vendor/pulp_platform_common_cells/src/max_counter.sv" into library xil_defaultlib
INFO: [VRFC 10-311] analyzing module max_counter
INFO: [VRFC 10-2263] Analyzing SystemVerilog file "C:/Users/Acer/tunga_mcu/tunga_mcu/rtl/core/cv32e40p/example_tb/core/mm_ram.sv" into library xil_defaultlib
INFO: [VRFC 10-311] analyzing module mm_ram
INFO: [VRFC 10-2263] Analyzing SystemVerilog file "C:/Users/Acer/tunga_mcu/tunga_mcu/rtl/core/cv32e40p/rtl/vendor/pulp_platform_common_cells/src/mv_filter.sv" into library xil_defaultlib
INFO: [VRFC 10-311] analyzing module mv_filter
INFO: [VRFC 10-2263] Analyzing SystemVerilog file "C:/Users/Acer/tunga_mcu/tunga_mcu/rtl/core/cv32e40p/rtl/vendor/pulp_platform_common_cells/src/onehot_to_bin.sv" into library xil_defaultlib
INFO: [VRFC 10-311] analyzing module onehot_to_bin
INFO: [VRFC 10-2263] Analyzing SystemVerilog file "C:/Users/Acer/tunga_mcu/tunga_mcu/rtl/core/cv32e40p/rtl/vendor/pulp_platform_common_cells/src/plru_tree.sv" into library xil_defaultlib
INFO: [VRFC 10-311] analyzing module plru_tree
INFO: [VRFC 10-2263] Analyzing SystemVerilog file "C:/Users/Acer/tunga_mcu/tunga_mcu/rtl/core/cv32e40p/rtl/vendor/pulp_platform_common_cells/src/popcount.sv" into library xil_defaultlib
INFO: [VRFC 10-311] analyzing module popcount
INFO: [VRFC 10-2263] Analyzing SystemVerilog file "C:/Users/Acer/tunga_mcu/tunga_mcu/rtl/core/cv32e40p/rtl/vendor/pulp_platform_common_cells/src/deprecated/prioarbiter.sv" into library xil_defaultlib
INFO: [VRFC 10-311] analyzing module prioarbiter
INFO: [VRFC 10-2263] Analyzing SystemVerilog file "C:/Users/Acer/tunga_mcu/tunga_mcu/rtl/core/cv32e40p/rtl/vendor/pulp_platform_common_cells/src/deprecated/pulp_sync.sv" into library xil_defaultlib
INFO: [VRFC 10-311] analyzing module pulp_sync
INFO: [VRFC 10-2263] Analyzing SystemVerilog file "C:/Users/Acer/tunga_mcu/tunga_mcu/rtl/core/cv32e40p/rtl/vendor/pulp_platform_common_cells/src/deprecated/pulp_sync_wedge.sv" into library xil_defaultlib
INFO: [VRFC 10-311] analyzing module pulp_sync_wedge
INFO: [VRFC 10-2263] Analyzing SystemVerilog file "C:/Users/Acer/tunga_mcu/tunga_mcu/rtl/core/cv32e40p/example_tb/core/riscv_gnt_stall.sv" into library xil_defaultlib
INFO: [VRFC 10-311] analyzing module riscv_gnt_stall
INFO: [VRFC 10-2263] Analyzing SystemVerilog file "C:/Users/Acer/tunga_mcu/tunga_mcu/rtl/core/cv32e40p/example_tb/core/riscv_rvalid_stall.sv" into library xil_defaultlib
INFO: [VRFC 10-311] analyzing module riscv_rvalid_stall
INFO: [VRFC 10-2263] Analyzing SystemVerilog file "C:/Users/Acer/tunga_mcu/tunga_mcu/rtl/core/cv32e40p/rtl/vendor/pulp_platform_common_cells/src/rr_arb_tree.sv" into library xil_defaultlib
INFO: [VRFC 10-311] analyzing module rr_arb_tree
INFO: [VRFC 10-2263] Analyzing SystemVerilog file "C:/Users/Acer/tunga_mcu/tunga_mcu/rtl/core/cv32e40p/rtl/vendor/pulp_platform_common_cells/src/deprecated/rrarbiter.sv" into library xil_defaultlib
INFO: [VRFC 10-311] analyzing module rrarbiter
INFO: [VRFC 10-2263] Analyzing SystemVerilog file "C:/Users/Acer/tunga_mcu/tunga_mcu/rtl/core/cv32e40p/rtl/vendor/pulp_platform_common_cells/src/rstgen.sv" into library xil_defaultlib
INFO: [VRFC 10-311] analyzing module rstgen
INFO: [VRFC 10-2263] Analyzing SystemVerilog file "C:/Users/Acer/tunga_mcu/tunga_mcu/rtl/core/cv32e40p/rtl/vendor/pulp_platform_common_cells/src/rstgen_bypass.sv" into library xil_defaultlib
INFO: [VRFC 10-311] analyzing module rstgen_bypass
INFO: [VRFC 10-2263] Analyzing SystemVerilog file "C:/Users/Acer/tunga_mcu/tunga_mcu/rtl/core/cv32e40p/rtl/vendor/pulp_platform_common_cells/src/serial_deglitch.sv" into library xil_defaultlib
INFO: [VRFC 10-311] analyzing module serial_deglitch
INFO: [VRFC 10-2263] Analyzing SystemVerilog file "C:/Users/Acer/tunga_mcu/tunga_mcu/rtl/core/cv32e40p/rtl/vendor/pulp_platform_common_cells/src/shift_reg.sv" into library xil_defaultlib
INFO: [VRFC 10-311] analyzing module shift_reg
INFO: [VRFC 10-2263] Analyzing SystemVerilog file "C:/Users/Acer/tunga_mcu/tunga_mcu/rtl/core/cv32e40p/rtl/vendor/pulp_platform_common_cells/src/spill_register.sv" into library xil_defaultlib
INFO: [VRFC 10-311] analyzing module spill_register
INFO: [VRFC 10-2263] Analyzing SystemVerilog file "C:/Users/Acer/tunga_mcu/tunga_mcu/rtl/core/cv32e40p/rtl/vendor/pulp_platform_common_cells/src/deprecated/sram.sv" into library xil_defaultlib
INFO: [VRFC 10-311] analyzing module sram
INFO: [VRFC 10-2263] Analyzing SystemVerilog file "C:/Users/Acer/tunga_mcu/tunga_mcu/rtl/core/cv32e40p/rtl/vendor/pulp_platform_common_cells/src/stream_arbiter.sv" into library xil_defaultlib
INFO: [VRFC 10-311] analyzing module stream_arbiter
INFO: [VRFC 10-2263] Analyzing SystemVerilog file "C:/Users/Acer/tunga_mcu/tunga_mcu/rtl/core/cv32e40p/rtl/vendor/pulp_platform_common_cells/src/stream_arbiter_flushable.sv" into library xil_defaultlib
INFO: [VRFC 10-311] analyzing module stream_arbiter_flushable
INFO: [VRFC 10-2263] Analyzing SystemVerilog file "C:/Users/Acer/tunga_mcu/tunga_mcu/rtl/core/cv32e40p/rtl/vendor/pulp_platform_common_cells/src/stream_delay.sv" into library xil_defaultlib
INFO: [VRFC 10-311] analyzing module stream_delay
INFO: [VRFC 10-2263] Analyzing SystemVerilog file "C:/Users/Acer/tunga_mcu/tunga_mcu/rtl/core/cv32e40p/rtl/vendor/pulp_platform_common_cells/src/stream_demux.sv" into library xil_defaultlib
INFO: [VRFC 10-311] analyzing module stream_demux
INFO: [VRFC 10-2263] Analyzing SystemVerilog file "C:/Users/Acer/tunga_mcu/tunga_mcu/rtl/core/cv32e40p/rtl/vendor/pulp_platform_common_cells/src/stream_fifo.sv" into library xil_defaultlib
INFO: [VRFC 10-311] analyzing module stream_fifo
INFO: [VRFC 10-2263] Analyzing SystemVerilog file "C:/Users/Acer/tunga_mcu/tunga_mcu/rtl/core/cv32e40p/rtl/vendor/pulp_platform_common_cells/src/stream_filter.sv" into library xil_defaultlib
INFO: [VRFC 10-311] analyzing module stream_filter
INFO: [VRFC 10-2263] Analyzing SystemVerilog file "C:/Users/Acer/tunga_mcu/tunga_mcu/rtl/core/cv32e40p/rtl/vendor/pulp_platform_common_cells/src/stream_fork.sv" into library xil_defaultlib
INFO: [VRFC 10-311] analyzing module stream_fork
INFO: [VRFC 10-2263] Analyzing SystemVerilog file "C:/Users/Acer/tunga_mcu/tunga_mcu/rtl/core/cv32e40p/rtl/vendor/pulp_platform_common_cells/src/stream_fork_dynamic.sv" into library xil_defaultlib
INFO: [VRFC 10-311] analyzing module stream_fork_dynamic
INFO: [VRFC 10-2263] Analyzing SystemVerilog file "C:/Users/Acer/tunga_mcu/tunga_mcu/rtl/core/cv32e40p/rtl/vendor/pulp_platform_common_cells/src/stream_join.sv" into library xil_defaultlib
INFO: [VRFC 10-311] analyzing module stream_join
INFO: [VRFC 10-2263] Analyzing SystemVerilog file "C:/Users/Acer/tunga_mcu/tunga_mcu/rtl/core/cv32e40p/rtl/vendor/pulp_platform_common_cells/src/stream_mux.sv" into library xil_defaultlib
INFO: [VRFC 10-311] analyzing module stream_mux
INFO: [VRFC 10-2263] Analyzing SystemVerilog file "C:/Users/Acer/tunga_mcu/tunga_mcu/rtl/core/cv32e40p/rtl/vendor/pulp_platform_common_cells/src/stream_omega_net.sv" into library xil_defaultlib
INFO: [VRFC 10-311] analyzing module stream_omega_net
INFO: [VRFC 10-2263] Analyzing SystemVerilog file "C:/Users/Acer/tunga_mcu/tunga_mcu/rtl/core/cv32e40p/rtl/vendor/pulp_platform_common_cells/src/stream_register.sv" into library xil_defaultlib
INFO: [VRFC 10-311] analyzing module stream_register
INFO: [VRFC 10-2263] Analyzing SystemVerilog file "C:/Users/Acer/tunga_mcu/tunga_mcu/rtl/core/cv32e40p/rtl/vendor/pulp_platform_common_cells/src/stream_to_mem.sv" into library xil_defaultlib
INFO: [VRFC 10-311] analyzing module stream_to_mem
INFO: [VRFC 10-2263] Analyzing SystemVerilog file "C:/Users/Acer/tunga_mcu/tunga_mcu/rtl/core/cv32e40p/rtl/vendor/pulp_platform_common_cells/src/stream_xbar.sv" into library xil_defaultlib
INFO: [VRFC 10-311] analyzing module stream_xbar
INFO: [VRFC 10-2263] Analyzing SystemVerilog file "C:/Users/Acer/tunga_mcu/tunga_mcu/rtl/core/cv32e40p/rtl/vendor/pulp_platform_common_cells/src/sync.sv" into library xil_defaultlib
INFO: [VRFC 10-311] analyzing module sync
INFO: [VRFC 10-2263] Analyzing SystemVerilog file "C:/Users/Acer/tunga_mcu/tunga_mcu/rtl/core/cv32e40p/rtl/vendor/pulp_platform_common_cells/src/sync_wedge.sv" into library xil_defaultlib
INFO: [VRFC 10-311] analyzing module sync_wedge
INFO: [VRFC 10-2263] Analyzing SystemVerilog file "C:/Users/Acer/tunga_mcu/tunga_mcu/rtl/core/cv32e40p/example_tb/core/tb_top.sv" into library xil_defaultlib
INFO: [VRFC 10-311] analyzing module tb_top
INFO: [VRFC 10-2263] Analyzing SystemVerilog file "C:/Users/Acer/tunga_mcu/tunga_mcu/rtl/core/cv32e40p/rtl/vendor/pulp_platform_common_cells/src/unread.sv" into library xil_defaultlib
INFO: [VRFC 10-311] analyzing module unread
INFO: [VRFC 10-2263] Analyzing SystemVerilog file "C:/Users/Acer/tunga_mcu/tunga_mcu/rtl/core/cv32e40p/rtl/vendor/pulp_platform_common_cells/src/cb_filter_pkg.sv" into library xil_defaultlib
INFO: [VRFC 10-2263] Analyzing SystemVerilog file "C:/Users/Acer/tunga_mcu/tunga_mcu/rtl/core/cv32e40p/rtl/vendor/pulp_platform_common_cells/src/counter.sv" into library xil_defaultlib
INFO: [VRFC 10-311] analyzing module counter
INFO: [VRFC 10-2263] Analyzing SystemVerilog file "C:/Users/Acer/tunga_mcu/tunga_mcu/rtl/core/cv32e40p/rtl/vendor/pulp_platform_common_cells/src/delta_counter.sv" into library xil_defaultlib
INFO: [VRFC 10-311] analyzing module delta_counter
INFO: [VRFC 10-2263] Analyzing SystemVerilog file "C:/Users/Acer/tunga_mcu/tunga_mcu/rtl/core/cv32e40p/rtl/vendor/pulp_platform_common_cells/src/sub_per_hash.sv" into library xil_defaultlib
INFO: [VRFC 10-311] analyzing module sub_per_hash
INFO: [VRFC 10-2263] Analyzing SystemVerilog file "C:/Users/Acer/tunga_mcu/tunga_mcu/rtl/core/cv32e40p/rtl/vendor/pulp_platform_common_cells/src/cb_filter.sv" into library xil_defaultlib
INFO: [VRFC 10-311] analyzing module cb_filter
INFO: [VRFC 10-311] analyzing module hash_block
INFO: [VRFC 10-2263] Analyzing SystemVerilog file "C:/Users/Acer/tunga_mcu/tunga_mcu/rtl/tunga_soc_top.sv" into library xil_defaultlib
INFO: [VRFC 10-311] analyzing module tunga_soc_top
INFO: [VRFC 10-2263] Analyzing SystemVerilog file "C:/Users/Acer/tunga_mcu/tunga_mcu/tunga_micro/tunga_micro.srcs/sources_1/imports/Downloads/soc_top.sv" into library xil_defaultlib
INFO: [VRFC 10-311] analyzing module soc_top
INFO: [VRFC 10-2263] Analyzing SystemVerilog file "C:/Users/Acer/tunga_mcu/tunga_mcu/tunga_micro/tunga_micro.srcs/sources_1/imports/Downloads/obi_to_axi_simple.sv" into library xil_defaultlib
INFO: [VRFC 10-311] analyzing module obi_to_axi_simple
INFO: [VRFC 10-2263] Analyzing SystemVerilog file "C:/Users/Acer/tunga_mcu/tunga_mcu/tunga_micro/tunga_micro.srcs/sources_1/imports/Downloads/axi_lite_interconnect.sv" into library xil_defaultlib
INFO: [VRFC 10-311] analyzing module axi_lite_interconnect
INFO: [VRFC 10-2263] Analyzing SystemVerilog file "C:/Users/Acer/tunga_mcu/tunga_mcu/rtl/core/cv32e40p/rtl/include/cv32e40p_pkg.sv" into library xil_defaultlib
WARNING: [VRFC 10-8896] design element 'cv32e40p_pkg' is previously defined; ignoring this definition [C:/Users/Acer/tunga_mcu/tunga_mcu/rtl/core/cv32e40p/rtl/include/cv32e40p_pkg.sv:26]
INFO: [VRFC 10-2263] Analyzing SystemVerilog file "C:/Users/Acer/tunga_mcu/tunga_mcu/rtl/core/cv32e40p/scripts/formal/src/cv32e40p_EX_assert.sv" into library xil_defaultlib
INFO: [VRFC 10-311] analyzing module cv32e40p_EX_assert
INFO: [VRFC 10-2263] Analyzing SystemVerilog file "C:/Users/Acer/tunga_mcu/tunga_mcu/rtl/core/cv32e40p/scripts/formal/src/cv32e40p_ID_assert.sv" into library xil_defaultlib
INFO: [VRFC 10-311] analyzing module cv32e40p_ID_assert
INFO: [VRFC 10-2263] Analyzing SystemVerilog file "C:/Users/Acer/tunga_mcu/tunga_mcu/rtl/core/cv32e40p/rtl/cv32e40p_aligner.sv" into library xil_defaultlib
INFO: [VRFC 10-311] analyzing module cv32e40p_aligner
INFO: [VRFC 10-2263] Analyzing SystemVerilog file "C:/Users/Acer/tunga_mcu/tunga_mcu/rtl/core/cv32e40p/rtl/cv32e40p_alu.sv" into library xil_defaultlib
INFO: [VRFC 10-311] analyzing module cv32e40p_alu
INFO: [VRFC 10-2263] Analyzing SystemVerilog file "C:/Users/Acer/tunga_mcu/tunga_mcu/rtl/core/cv32e40p/rtl/cv32e40p_alu_div.sv" into library xil_defaultlib
INFO: [VRFC 10-311] analyzing module cv32e40p_alu_div
INFO: [VRFC 10-2263] Analyzing SystemVerilog file "C:/Users/Acer/tunga_mcu/tunga_mcu/rtl/core/cv32e40p/rtl/include/cv32e40p_apu_core_pkg.sv" into library xil_defaultlib
WARNING: [VRFC 10-8896] design element 'cv32e40p_apu_core_pkg' is previously defined; ignoring this definition [C:/Users/Acer/tunga_mcu/tunga_mcu/rtl/core/cv32e40p/rtl/include/cv32e40p_apu_core_pkg.sv:22]
INFO: [VRFC 10-2263] Analyzing SystemVerilog file "C:/Users/Acer/tunga_mcu/tunga_mcu/rtl/core/cv32e40p/rtl/cv32e40p_apu_disp.sv" into library xil_defaultlib
INFO: [VRFC 10-311] analyzing module cv32e40p_apu_disp
INFO: [VRFC 10-2263] Analyzing SystemVerilog file "C:/Users/Acer/tunga_mcu/tunga_mcu/rtl/core/cv32e40p/rtl/cv32e40p_compressed_decoder.sv" into library xil_defaultlib
INFO: [VRFC 10-311] analyzing module cv32e40p_compressed_decoder
INFO: [VRFC 10-2263] Analyzing SystemVerilog file "C:/Users/Acer/tunga_mcu/tunga_mcu/rtl/core/cv32e40p/rtl/cv32e40p_controller.sv" into library xil_defaultlib
INFO: [VRFC 10-311] analyzing module cv32e40p_controller
INFO: [VRFC 10-2263] Analyzing SystemVerilog file "C:/Users/Acer/tunga_mcu/tunga_mcu/rtl/core/cv32e40p/scripts/formal/src/cv32e40p_controller_assert.sv" into library xil_defaultlib
INFO: [VRFC 10-311] analyzing module cv32e40p_controller_assert
INFO: [VRFC 10-2263] Analyzing SystemVerilog file "C:/Users/Acer/tunga_mcu/tunga_mcu/rtl/core/cv32e40p/rtl/cv32e40p_core.sv" into library xil_defaultlib
INFO: [VRFC 10-311] analyzing module cv32e40p_core
INFO: [VRFC 10-2263] Analyzing SystemVerilog file "C:/Users/Acer/tunga_mcu/tunga_mcu/rtl/core/cv32e40p/rtl/cv32e40p_cs_registers.sv" into library xil_defaultlib
INFO: [VRFC 10-311] analyzing module cv32e40p_cs_registers
INFO: [VRFC 10-2263] Analyzing SystemVerilog file "C:/Users/Acer/tunga_mcu/tunga_mcu/rtl/core/cv32e40p/rtl/include/cv32e40p_fpu_pkg.sv" into library xil_defaultlib
INFO: [VRFC 10-2263] Analyzing SystemVerilog file "C:/Users/Acer/tunga_mcu/tunga_mcu/rtl/core/cv32e40p/rtl/cv32e40p_decoder.sv" into library xil_defaultlib
INFO: [VRFC 10-311] analyzing module cv32e40p_decoder
INFO: [VRFC 10-2263] Analyzing SystemVerilog file "C:/Users/Acer/tunga_mcu/tunga_mcu/rtl/core/cv32e40p/rtl/cv32e40p_ex_stage.sv" into library xil_defaultlib
INFO: [VRFC 10-311] analyzing module cv32e40p_ex_stage
INFO: [VRFC 10-2263] Analyzing SystemVerilog file "C:/Users/Acer/tunga_mcu/tunga_mcu/rtl/core/cv32e40p/rtl/cv32e40p_ff_one.sv" into library xil_defaultlib
INFO: [VRFC 10-311] analyzing module cv32e40p_ff_one
INFO: [VRFC 10-2263] Analyzing SystemVerilog file "C:/Users/Acer/tunga_mcu/tunga_mcu/rtl/core/cv32e40p/rtl/cv32e40p_fifo.sv" into library xil_defaultlib
INFO: [VRFC 10-311] analyzing module cv32e40p_fifo
INFO: [VRFC 10-2263] Analyzing SystemVerilog file "C:/Users/Acer/tunga_mcu/tunga_mcu/rtl/core/cv32e40p/rtl/cv32e40p_hwloop_regs.sv" into library xil_defaultlib
INFO: [VRFC 10-311] analyzing module cv32e40p_hwloop_regs
INFO: [VRFC 10-2263] Analyzing SystemVerilog file "C:/Users/Acer/tunga_mcu/tunga_mcu/rtl/core/cv32e40p/rtl/cv32e40p_id_stage.sv" into library xil_defaultlib
INFO: [VRFC 10-311] analyzing module cv32e40p_id_stage
INFO: [VRFC 10-2263] Analyzing SystemVerilog file "C:/Users/Acer/tunga_mcu/tunga_mcu/rtl/core/cv32e40p/rtl/cv32e40p_if_stage.sv" into library xil_defaultlib
INFO: [VRFC 10-311] analyzing module cv32e40p_if_stage
INFO: [VRFC 10-2263] Analyzing SystemVerilog file "C:/Users/Acer/tunga_mcu/tunga_mcu/rtl/core/cv32e40p/rtl/cv32e40p_int_controller.sv" into library xil_defaultlib
INFO: [VRFC 10-311] analyzing module cv32e40p_int_controller
INFO: [VRFC 10-2263] Analyzing SystemVerilog file "C:/Users/Acer/tunga_mcu/tunga_mcu/rtl/core/cv32e40p/rtl/cv32e40p_load_store_unit.sv" into library xil_defaultlib
INFO: [VRFC 10-311] analyzing module cv32e40p_load_store_unit
INFO: [VRFC 10-2263] Analyzing SystemVerilog file "C:/Users/Acer/tunga_mcu/tunga_mcu/rtl/core/cv32e40p/rtl/cv32e40p_mult.sv" into library xil_defaultlib
INFO: [VRFC 10-311] analyzing module cv32e40p_mult
INFO: [VRFC 10-2263] Analyzing SystemVerilog file "C:/Users/Acer/tunga_mcu/tunga_mcu/rtl/core/cv32e40p/rtl/cv32e40p_obi_interface.sv" into library xil_defaultlib
INFO: [VRFC 10-311] analyzing module cv32e40p_obi_interface
INFO: [VRFC 10-2263] Analyzing SystemVerilog file "C:/Users/Acer/tunga_mcu/tunga_mcu/rtl/core/cv32e40p/rtl/cv32e40p_popcnt.sv" into library xil_defaultlib
INFO: [VRFC 10-311] analyzing module cv32e40p_popcnt
INFO: [VRFC 10-2263] Analyzing SystemVerilog file "C:/Users/Acer/tunga_mcu/tunga_mcu/rtl/core/cv32e40p/rtl/cv32e40p_prefetch_buffer.sv" into library xil_defaultlib
INFO: [VRFC 10-311] analyzing module cv32e40p_prefetch_buffer
INFO: [VRFC 10-2263] Analyzing SystemVerilog file "C:/Users/Acer/tunga_mcu/tunga_mcu/rtl/core/cv32e40p/rtl/cv32e40p_prefetch_controller.sv" into library xil_defaultlib
INFO: [VRFC 10-311] analyzing module cv32e40p_prefetch_controller
INFO: [VRFC 10-2263] Analyzing SystemVerilog file "C:/Users/Acer/tunga_mcu/tunga_mcu/rtl/core/cv32e40p/rtl/cv32e40p_register_file_latch.sv" into library xil_defaultlib
INFO: [VRFC 10-311] analyzing module cv32e40p_register_file
INFO: [VRFC 10-2263] Analyzing SystemVerilog file "C:/Users/Acer/tunga_mcu/tunga_mcu/rtl/core/cv32e40p/bhv/cv32e40p_sim_clock_gate.sv" into library xil_defaultlib
INFO: [VRFC 10-311] analyzing module cv32e40p_clock_gate
INFO: [VRFC 10-2263] Analyzing SystemVerilog file "C:/Users/Acer/tunga_mcu/tunga_mcu/rtl/core/cv32e40p/rtl/cv32e40p_sleep_unit.sv" into library xil_defaultlib
INFO: [VRFC 10-311] analyzing module cv32e40p_sleep_unit
INFO: [VRFC 10-2263] Analyzing SystemVerilog file "C:/Users/Acer/tunga_mcu/tunga_mcu/tunga_micro/tunga_micro.srcs/sources_1/new/tunga_soc_top.sv" into library xil_defaultlib
INFO: [VRFC 10-311] analyzing module tunga_soc_top
WARNING: [VRFC 10-3609] overwriting previous definition of module 'tunga_soc_top' [C:/Users/Acer/tunga_mcu/tunga_mcu/tunga_micro/tunga_micro.srcs/sources_1/new/tunga_soc_top.sv:1]
INFO: [VRFC 10-2263] Analyzing SystemVerilog file "C:/Users/Acer/tunga_mcu/tunga_mcu/tb/tb_tunga_soc.sv" into library xil_defaultlib
INFO: [VRFC 10-311] analyzing module tb_tunga_soc
